Started by user [8mha:////4KolJ/GQhCndmJZDfAXu0LZm/NS9Ut84tqvCOX7WuD/OAAAAmB+LCAAAAAAAAP9b85aBtbiIQTGjNKU4P08vOT+vOD8nVc83PyU1x6OyILUoJzMv2y+/JJUBAhiZGBgqihhk0NSjKDWzXb3RdlLBUSYGJk8GtpzUvPSSDB8G5tKinBIGIZ+sxLJE/ZzEvHT94JKizLx0a6BxUmjGOUNodHsLgAzBEgYe/dLi1CL9lIzMnMwCAClXnePBAAAA[0mdhilip palanisamy
Running as SYSTEM
Building in workspace C:\Users\t\.jenkins\workspace\test-free-style
The recommended git tool is: NONE
using credential edfdcac2-5b33-465c-adb8-37e6818caa36
 > git.exe rev-parse --resolve-git-dir C:\Users\t\.jenkins\workspace\test-free-style\.git # timeout=10
Fetching changes from the remote Git repository
 > git.exe config remote.origin.url https://github.com/dhilip109/Jenkins.git # timeout=10
Fetching upstream changes from https://github.com/dhilip109/Jenkins.git
 > git.exe --version # timeout=10
 > git --version # 'git version 2.35.1.windows.2'
using GIT_ASKPASS to set credentials 
 > git.exe fetch --tags --force --progress -- https://github.com/dhilip109/Jenkins.git +refs/heads/*:refs/remotes/origin/* # timeout=10
 > git.exe rev-parse "refs/remotes/origin/main^{commit}" # timeout=10
Checking out Revision 77d9315f2e6730653be0d6e2cd0e2c632ee38b1d (refs/remotes/origin/main)
 > git.exe config core.sparsecheckout # timeout=10
 > git.exe checkout -f 77d9315f2e6730653be0d6e2cd0e2c632ee38b1d # timeout=10
Commit message: "trial"
First time build. Skipping changelog.

Prepending MATLAB to the PATH variable from this location: C:\Program Files (x86)\MATLAB\R2014a\bin

Generating MATLAB script with content:
addpath("t"), test

#################### Starting command output ####################
[test-free-style] $ cmd.exe /C .matlab\BtdvFnuf\run_matlab_command.bat "cd('C:\Users\t\.jenkins\workspace\test-free-style/.matlab/BtdvFnuf');command_spifq2cc"
 
To get started, type one of these: helpwin, helpdesk, or demo.
For product information, visit www.mathworks.com.
 
Error: File: C:\Users\t\.jenkins\workspace\test-free-style\.matlab\BtdvFnuf\command_spifq2cc.m Line: 2 Column: 9
The input character is not valid in MATLAB statements or expressions.

ERROR: MATLAB error (starter line:1436) Exit Status: 0x00000001
Build step 'Run MATLAB Command' changed build result to FAILURE
Finished: FAILURE
